Build started 2/12/2014 3:50:38 PM.
     1>Project "c:\Users\Matt\documents\visual studio 2010\Projects\GithubHelloWorld\GithubHelloWorld\GithubHelloWorld.vcxproj" on node 2 (build target(s)).
     1>PrepareForBuild:
         Creating directory "c:\users\matt\documents\visual studio 2010\Projects\GithubHelloWorld\Debug\".
       InitializeBuildStatus:
         Creating "Debug\GithubHelloWorld.unsuccessfulbuild" because "AlwaysCreate" was specified.
       ClCompile:
         c:\Program Files (x86)\Microsoft Visual Studio 10.0\VC\bin\CL.exe /c /ZI /nologo /W3 /WX- /Od /Oy- /D WIN32 /D _DEBUG /D _CONSOLE /D _UNICODE /D UNICODE /Gm /EHsc /RTC1 /MDd /GS /fp:precise /Zc:wchar_t /Zc:forScope /Fo"Debug\\" /Fd"Debug\vc100.pdb" /Gd /TP /analyze- /errorReport:prompt GithubHelloWorld.cpp
         GithubHelloWorld.cpp
       ManifestResourceCompile:
         C:\Program Files (x86)\Microsoft SDKs\Windows\v7.0A\bin\rc.exe /nologo /fo"Debug\GithubHelloWorld.exe.embed.manifest.res" Debug\GithubHelloWorld_manifest.rc 
       Link:
         c:\Program Files (x86)\Microsoft Visual Studio 10.0\VC\bin\link.exe /ERRORREPORT:PROMPT /OUT:"c:\users\matt\documents\visual studio 2010\Projects\GithubHelloWorld\Debug\GithubHelloWorld.exe" /INCREMENTAL /NOLOGO kernel32.lib user32.lib gdi32.lib winspool.lib comdlg32.lib advapi32.lib shell32.lib ole32.lib oleaut32.lib uuid.lib odbc32.lib odbccp32.lib /MANIFEST /ManifestFile:"Debug\GithubHelloWorld.exe.intermediate.manifest" /MANIFESTUAC:"level='asInvoker' uiAccess='false'" /DEBUG /PDB:"c:\users\matt\documents\visual studio 2010\Projects\GithubHelloWorld\Debug\GithubHelloWorld.pdb" /SUBSYSTEM:CONSOLE /TLBID:1 /DYNAMICBASE /NXCOMPAT /IMPLIB:"c:\users\matt\documents\visual studio 2010\Projects\GithubHelloWorld\Debug\GithubHelloWorld.lib" /MACHINE:X86 Debug\GithubHelloWorld.exe.embed.manifest.res
         Debug\GithubHelloWorld.obj
       Manifest:
         C:\Program Files (x86)\Microsoft SDKs\Windows\v7.0A\bin\mt.exe /nologo /verbose /out:"Debug\GithubHelloWorld.exe.embed.manifest" /manifest Debug\GithubHelloWorld.exe.intermediate.manifest
         C:\Program Files (x86)\Microsoft SDKs\Windows\v7.0A\bin\rc.exe /nologo /fo"Debug\GithubHelloWorld.exe.embed.manifest.res" Debug\GithubHelloWorld_manifest.rc 
       LinkEmbedManifest:
         c:\Program Files (x86)\Microsoft Visual Studio 10.0\VC\bin\link.exe /ERRORREPORT:PROMPT /OUT:"c:\users\matt\documents\visual studio 2010\Projects\GithubHelloWorld\Debug\GithubHelloWorld.exe" /INCREMENTAL /NOLOGO kernel32.lib user32.lib gdi32.lib winspool.lib comdlg32.lib advapi32.lib shell32.lib ole32.lib oleaut32.lib uuid.lib odbc32.lib odbccp32.lib /MANIFEST /ManifestFile:"Debug\GithubHelloWorld.exe.intermediate.manifest" /MANIFESTUAC:"level='asInvoker' uiAccess='false'" /DEBUG /PDB:"c:\users\matt\documents\visual studio 2010\Projects\GithubHelloWorld\Debug\GithubHelloWorld.pdb" /SUBSYSTEM:CONSOLE /TLBID:1 /DYNAMICBASE /NXCOMPAT /IMPLIB:"c:\users\matt\documents\visual studio 2010\Projects\GithubHelloWorld\Debug\GithubHelloWorld.lib" /MACHINE:X86 Debug\GithubHelloWorld.exe.embed.manifest.res
         Debug\GithubHelloWorld.obj
         GithubHelloWorld.vcxproj -> c:\users\matt\documents\visual studio 2010\Projects\GithubHelloWorld\Debug\GithubHelloWorld.exe
       FinalizeBuildStatus:
         Deleting file "Debug\GithubHelloWorld.unsuccessfulbuild".
         Touching "Debug\GithubHelloWorld.lastbuildstate".
     1>Done Building Project "c:\Users\Matt\documents\visual studio 2010\Projects\GithubHelloWorld\GithubHelloWorld\GithubHelloWorld.vcxproj" (build target(s)).

Build succeeded.

Time Elapsed 00:00:05.29
